00:00:00.335461 VirtualBox GUI VM Selector Window 7.0.2 r154219 win.amd64 (Oct 19 2022 21:29:26) release log
00:00:00.335465 Log opened 2022-12-02T17:46:16.878146500Z
00:00:00.335466 Build Type: release
00:00:00.335473 OS Product: Windows 10
00:00:00.335475 OS Release: 10.0.19044
00:00:00.335476 OS Service Pack: 
00:00:00.370963 DMI Product Name: VivoBook_ASUSLaptop X509FJ_X509FJ
00:00:00.380866 DMI Product Version: 1.0       
00:00:00.380879 Firmware type: UEFI
00:00:00.381681 Secure Boot: VERR_PRIVILEGE_NOT_HELD
00:00:00.381711 Host RAM: 8043MB (7.8GB) total, 2776MB (2.7GB) available
00:00:00.381719 Executable: C:\Program Files\Oracle\VirtualBox\VirtualBox.exe
00:00:00.381720 Process ID: 11308
00:00:00.381721 Package type: WINDOWS_64BITS_GENERIC
00:00:00.381985 Qt version: 5.15.2
00:00:00.383457 GUI: UIMediumEnumerator: Initial medium-enumeration finished!
00:00:00.428248 GUI: UIMediumEnumerator: Medium-enumeration started...
00:00:04.223982 GUI: UIMediumEnumerator: Medium-enumeration finished!
00:04:25.685017 GUI: UICommon: Handling aboutToQuit request..
00:04:26.621593 GUI: UICommon: aboutToQuit request handled!
