00:00:00.010563 main     VirtualBox COM Server 7.0.2 r154219 win.amd64 (Oct 19 2022 21:29:26) release log
00:00:00.010567 main     Log opened 2022-12-02T17:46:14.857450800Z
00:00:00.010569 main     Build Type: release
00:00:00.010578 main     OS Product: Windows 10
00:00:00.010581 main     OS Release: 10.0.19044
00:00:00.010582 main     OS Service Pack: 
00:00:00.099623 main     DMI Product Name: VivoBook_ASUSLaptop X509FJ_X509FJ
00:00:00.128722 main     DMI Product Version: 1.0       
00:00:00.128737 main     Firmware type: UEFI
00:00:00.129604 main     Secure Boot: VERR_PRIVILEGE_NOT_HELD
00:00:00.129646 main     Host RAM: 8043MB (7.8GB) total, 2842MB (2.7GB) available
00:00:00.129655 main     Executable: C:\Program Files\Oracle\VirtualBox\VBoxSVC.exe
00:00:00.129656 main     Process ID: 28624
00:00:00.129658 main     Package type: WINDOWS_64BITS_GENERIC
00:00:00.310652          VirtualBox: object creation starts
00:00:00.314245          Home directory: 'C:\Users\dan7i\.VirtualBox'
00:00:00.316086          Installed Drivers:
00:00:00.330511            C:\WINDOWS\system32\DRIVERS\VBoxNetLwf.sys (Version: 7.0.2.4219)
00:00:00.333548            C:\WINDOWS\system32\DRIVERS\VBoxUSBMon.sys (Version: 7.0.2.4219)
00:00:00.335871            C:\WINDOWS\system32\DRIVERS\VBoxSup.sys (Version: 7.0.2.4219)
00:00:00.338969            C:\WINDOWS\system32\DRIVERS\VBoxNetAdp6.sys (Version: 7.0.2.4219)
00:00:00.491493          Loading settings file "C:\Users\dan7i\.VirtualBox\VirtualBox.xml" with version "1.12-windows"
00:00:00.506463          usbLibGetDevices: Starting USB device enumeration
00:00:00.534843          Getting USB descriptor (id 0) failed (dwErr=31) on hub USB#ROOT_HUB30#4&e9dd3d8&0&0#{f18a0e88-c30c-11d0-8815-00a0c906bed8} port 4
00:00:00.535730          Getting USB descriptor (id 0) failed (dwErr=31) on hub USB#ROOT_HUB30#4&e9dd3d8&0&0#{f18a0e88-c30c-11d0-8815-00a0c906bed8} port 5
00:00:00.535948          Getting USB descriptor (id 0) failed (dwErr=31) on hub USB#ROOT_HUB30#4&e9dd3d8&0&0#{f18a0e88-c30c-11d0-8815-00a0c906bed8} port 10
00:00:00.538961          usbLibGetDevices: Found 3 USB devices, 0 captured
00:00:00.545228          USB: Unknown USB device detected (idVendor: 0x13d3, idProduct: 0x5a11)
00:00:00.545333          USB: Unknown USB device detected (idVendor: 0x8087, idProduct: 0x0aaa)
00:00:00.777843          netIfIsWireless: CreateFile on '\\.\{A37F0A1E-9127-4443-AFAD-FC38E33A2E21}' failed with rcWin=2 (0x2) - ignoring
00:00:00.784606          HostDnsMonitor: initializing
00:00:00.800538          HostDnsMonitor: updating information
00:00:00.801765          HostDnsMonitor: old information
00:00:00.801768            no server entries
00:00:00.801769            no domain set
00:00:00.801770            no search string entries
00:00:00.801772          HostDnsMonitor: new information
00:00:00.801773            server 1: 163.53.87.74
00:00:00.801774            server 2: 8.8.8.8
00:00:00.801776            domain: hgu_lan
00:00:00.801776            no search string entries
00:00:00.821301          VD: VDInit finished with VINF_SUCCESS
00:00:00.858167          Loading settings file "C:\Users\dan7i\VirtualBox VMs\Ubuntu_18\Ubuntu_18.vbox" with version "1.19-windows"
00:00:00.891519          Loading settings file "C:\Users\dan7i\VirtualBox VMs\Hortonworks Sandbox HDP 3.0\Hortonworks Sandbox HDP 3.0.vbox" with version "1.19-windows"
00:00:00.894918          VirtualBox: object created
00:00:01.024507          Saving settings file "C:\Users\dan7i\.VirtualBox\VirtualBox.xml" with version "1.12-windows"
00:00:01.031059          Finished saving settings file "C:\Users\dan7i\.VirtualBox\VirtualBox.xml"
00:00:01.031456          Saving settings file "C:\Users\dan7i\.VirtualBox\VirtualBox.xml" with version "1.12-windows"
00:00:01.037694          Finished saving settings file "C:\Users\dan7i\.VirtualBox\VirtualBox.xml"
00:00:01.038121          Saving settings file "C:\Users\dan7i\.VirtualBox\VirtualBox.xml" with version "1.12-windows"
00:00:01.043653          Finished saving settings file "C:\Users\dan7i\.VirtualBox\VirtualBox.xml"
00:00:02.085198          Saving settings file "C:\Users\dan7i\.VirtualBox\VirtualBox.xml" with version "1.12-windows"
00:00:02.090937          Finished saving settings file "C:\Users\dan7i\.VirtualBox\VirtualBox.xml"
00:00:02.091310          Saving settings file "C:\Users\dan7i\.VirtualBox\VirtualBox.xml" with version "1.12-windows"
00:00:02.096339          Finished saving settings file "C:\Users\dan7i\.VirtualBox\VirtualBox.xml"
00:00:02.096711          Saving settings file "C:\Users\dan7i\.VirtualBox\VirtualBox.xml" with version "1.12-windows"
00:00:02.101663          Finished saving settings file "C:\Users\dan7i\.VirtualBox\VirtualBox.xml"
00:00:05.759284          ERROR [COM]: aRC=VBOX_E_INVALID_VM_STATE (0x80bb0002) aIID={300763af-5d6b-46e6-aa96-273eac15538a} aComponent={MachineWrap} aText={The machine is not mutable (state is PoweredOff)}, preserve=false aResultDetail=0
00:00:05.971759          ERROR [COM]: aRC=VBOX_E_INVALID_VM_STATE (0x80bb0002) aIID={300763af-5d6b-46e6-aa96-273eac15538a} aComponent={MachineWrap} aText={The machine is not mutable (state is PoweredOff)}, preserve=false aResultDetail=0
00:00:28.105000          Saving settings file "C:\Users\dan7i\.VirtualBox\VirtualBox.xml" with version "1.12-windows"
00:00:28.114418          Finished saving settings file "C:\Users\dan7i\.VirtualBox\VirtualBox.xml"
00:00:28.114612          Saving settings file "C:\Users\dan7i\.VirtualBox\VirtualBox.xml" with version "1.12-windows"
00:00:28.124282          Finished saving settings file "C:\Users\dan7i\.VirtualBox\VirtualBox.xml"
00:00:28.133169          Saving settings file "C:\Users\dan7i\.VirtualBox\VirtualBox.xml" with version "1.12-windows"
00:00:28.144593          Finished saving settings file "C:\Users\dan7i\.VirtualBox\VirtualBox.xml"
00:00:28.185419 DeleteVM Saving settings file "C:\Users\dan7i\.VirtualBox\VirtualBox.xml" with version "1.12-windows"
00:00:28.188861          ERROR [COM]: aRC=VBOX_E_INVALID_VM_STATE (0x80bb0002) aIID={300763af-5d6b-46e6-aa96-273eac15538a} aComponent={MachineWrap} aText={The machine is not mutable (state is PoweredOff)}, preserve=false aResultDetail=0
00:00:28.201449          ERROR [COM]: aRC=VBOX_E_OBJECT_NOT_FOUND (0x80bb0001) aIID={7682d5eb-f00e-44f1-8ca2-99d08b1cd607} aComponent={VirtualBoxWrap} aText={Could not find a registered machine with UUID {b2a9c35f-19f4-42a7-afe2-2d4d1f03b710}}, preserve=false aResultDetail=0
00:00:28.244713          ERROR [COM]: aRC=VBOX_E_INVALID_VM_STATE (0x80bb0002) aIID={300763af-5d6b-46e6-aa96-273eac15538a} aComponent={MachineWrap} aText={The machine is not mutable (state is PoweredOff)}, preserve=false aResultDetail=0
00:00:28.334593 DeleteVM Finished saving settings file "C:\Users\dan7i\.VirtualBox\VirtualBox.xml"
00:00:28.342294          ERROR [COM]: aRC=VBOX_E_OBJECT_NOT_FOUND (0x80bb0001) aIID={7682d5eb-f00e-44f1-8ca2-99d08b1cd607} aComponent={VirtualBoxWrap} aText={Could not find a registered machine with UUID {b2a9c35f-19f4-42a7-afe2-2d4d1f03b710}}, preserve=false aResultDetail=0
00:00:28.369032          ERROR [COM]: aRC=VBOX_E_OBJECT_NOT_FOUND (0x80bb0001) aIID={7682d5eb-f00e-44f1-8ca2-99d08b1cd607} aComponent={VirtualBoxWrap} aText={Could not find a registered machine with UUID {b2a9c35f-19f4-42a7-afe2-2d4d1f03b710}}, preserve=false aResultDetail=0
00:00:28.372351          ERROR [COM]: aRC=VBOX_E_OBJECT_NOT_FOUND (0x80bb0001) aIID={7682d5eb-f00e-44f1-8ca2-99d08b1cd607} aComponent={VirtualBoxWrap} aText={Could not find a registered machine with UUID {b2a9c35f-19f4-42a7-afe2-2d4d1f03b710}}, preserve=false aResultDetail=0
00:00:28.401953          ERROR [COM]: aRC=VBOX_E_INVALID_VM_STATE (0x80bb0002) aIID={300763af-5d6b-46e6-aa96-273eac15538a} aComponent={MachineWrap} aText={The machine is not mutable (state is PoweredOff)}, preserve=false aResultDetail=0
00:00:28.417562          ERROR [COM]: aRC=VBOX_E_INVALID_VM_STATE (0x80bb0002) aIID={300763af-5d6b-46e6-aa96-273eac15538a} aComponent={MachineWrap} aText={The machine is not mutable (state is PoweredOff)}, preserve=false aResultDetail=0
00:04:33.299583 main     VirtualBox: object deletion starts
00:04:33.299709 main     ERROR [COM]: aRC=VBOX_E_OBJECT_IN_USE (0x80bb000c) aIID={ad47ad09-787b-44ab-b343-a082a3f2dfb1} aComponent={MediumWrap} aText={Medium 'C:\Users\dan7i\VirtualBox VMs\Ubuntu_18\Ubuntu_18.vdi' cannot be closed because it is still attached to 1 virtual machines}, preserve=false aResultDetail=0
00:04:33.303593 main     HostDnsMonitor: shutting down ...
00:04:33.303840 main     HostDnsMonitor: shut down
00:04:33.315878 Watcher  ERROR [COM]: aRC=E_ACCESSDENIED (0x80070005) aIID={7682d5eb-f00e-44f1-8ca2-99d08b1cd607} aComponent={VirtualBoxWrap} aText={The object is not ready}, preserve=false aResultDetail=0
00:04:33.317070 main     VirtualBox: object deleted
